<?xml version="1.0" encoding="UTF-8"?>
<testsuite name="runners.LoginClientRunner" tests="0" skipped="0" failures="0" errors="0" timestamp="1970-01-01T00:00:00" hostname="LAPTOP-F7KQLTLV" time="0.0">
  <properties/>
  <system-out><![CDATA[]]></system-out>
  <system-err><![CDATA[[Test worker] INFO io.cucumber.core.plugin.SerenityReporter - Running feature from file:///C:/Users/Jhuaz/Documents/PruebaTecnicaAldeamo/src/test/resources/features/LoginClient.feature
[Test worker] INFO  - 

-------------------------------------------------------------------------------------
     _______. _______ .______       _______ .__   __.  __  .___________.____    ____ 
    /       ||   ____||   _  \     |   ____||  \ |  | |  | |           |\   \  /   / 
   |   (----`|  |__   |  |_)  |    |  |__   |   \|  | |  | `---|  |----` \   \/   /  
    \   \    |   __|  |      /     |   __|  |  . `  | |  |     |  |       \_    _/   
.----)   |   |  |____ |  |\  \----.|  |____ |  |\   | |  |     |  |         |  |     
|_______/    |_______|| _| `._____||_______||__| \__| |__|     |__|         |__|    
                                                                                     
 News and tutorials at http://www.serenity-bdd.info                                  
 Documentation at https://wakaleo.gitbooks.io/the-serenity-book/content/             
 Join the Serenity Community on Gitter: https://gitter.im/serenity-bdd/serenity-core 
 Serenity BDD Support and Training at http://serenity-bdd.info/#/trainingandsupport  
-------------------------------------------------------------------------------------

[Test worker] INFO  - Test Suite Started: Prueba Aldeamo Juan Pablo Sanabria Velandia
[Test worker] INFO io.cucumber.core.plugin.SerenityReporter - Running feature from file:///C:/Users/Jhuaz/Documents/PruebaTecnicaAldeamo/src/test/resources/features/LoginClient.feature
[Test worker] INFO  - Test Suite Started: Prueba Aldeamo Juan Pablo Sanabria Velandia
[pool-2-thread-1] INFO org.reflections.Reflections - Reflections took 15 ms to scan 0 urls, producing 0 keys and 0 values
[pool-2-thread-2] INFO org.reflections.Reflections - Reflections took 16 ms to scan 0 urls, producing 0 keys and 0 values
[pool-2-thread-3] INFO org.reflections.Reflections - Reflections took 15 ms to scan 0 urls, producing 0 keys and 0 values
[pool-2-thread-4] INFO org.reflections.Reflections - Reflections took 15 ms to scan 0 urls, producing 0 keys and 0 values
]]></system-err>
</testsuite>
